[2025-11-01--12-32-52 INFO actix_server::builder] starting 5 workers
[2025-11-01--12-32-52 INFO actix_server::server] Tokio runtime found; starting in existing Tokio runtime
[2025-11-01--12-32-52 INFO actix_server::server] starting service: "actix-web-service-127.0.0.1:18488", workers: 5, listening on: 127.0.0.1:18488
[2025-11-01--12-32-53 INFO parity_ws] Listening for new connections on 127.0.0.1:8900.
[2025-11-01--12-32-54 INFO txtx::svm::deploy_program] [Recovery Instructions] - An ephemeral authority account will be created and funded to write to the buffer account.
[2025-11-01--12-32-54 INFO txtx::svm::deploy_program] [Recovery Instructions] - Please save the following information in case the deployment fails and the account needs to be recovered:
[2025-11-01--12-32-54 INFO txtx::svm::deploy_program] [Recovery Instructions] - Ephemeral authority public key: 5dehk5UswH6Tij6zAN4VWoGdaCAMai6bJfe8ADedQrMu
[2025-11-01--12-32-54 INFO txtx::svm::deploy_program] [Recovery Instructions] - Ephemeral authority secret key: [161, 157, 19, 70, 231, 159, 75, 81, 140, 35, 233, 229, 114, 102, 160, 54, 115, 76, 223, 25, 147, 238, 58, 131, 147, 214, 165, 175, 205, 107, 210, 78, 68, 210, 73, 130, 4, 81, 67, 126, 125, 42, 238, 88, 143, 182, 62, 5, 97, 62, 189, 33, 224, 228, 36, 211, 108, 107, 243, 241, 67, 106, 235, 24]
[2025-11-01--12-32-54 INFO txtx::svm::deploy_program] Account Created - Ephemeral authority account created and funded to write to buffer
[2025-11-01--12-32-54 INFO txtx::svm::deploy_program] [Recovery Instructions] - Creating program buffer account at pubkey D7P8ymRkZ9HDwZBLkYR7xuXmK9rPQep5hzEqgrKWEPn5
[2025-11-01--12-32-54 INFO txtx::svm::deploy_program] Account Created - Program buffer account created
[2025-11-01--12-33-02 INFO txtx::svm::deploy_program] Buffer Ready - Writing to buffer account is complete
[2025-11-01--12-33-02 INFO txtx::svm::deploy_program] Program Created - Program 7RE3qUtPN25Xv1f2cfn2DvetK2YEescFRY4x4xLDMTpN has been deployed
[2025-11-01--12-33-03 INFO txtx::svm::deploy_program] Complete - Ephemeral authority account closed and leftover funds returned to payer
[2025-11-01--12-37-09 INFO actix_server::worker] shutting down idle worker
[2025-11-01--12-37-09 INFO actix_server::accept] accept thread stopped
[2025-11-01--12-37-09 INFO actix_server::worker] shutting down idle worker
[2025-11-01--12-37-09 INFO actix_server::worker] shutting down idle worker
[2025-11-01--12-37-09 INFO actix_server::worker] shutting down idle worker
[2025-11-01--12-37-09 INFO actix_server::worker] shutting down idle worker
